{
  "RSpec": {
    "coverage": {
      "/home/ren/Documents/sailcore/app/models/user.rb": {
        "lines": [
          1,
          1,
          null,
          1,
          null,
          null,
          1,
          null,
          1,
          null,
          1,
          null,
          2,
          1,
          1,
          null,
          1,
          1,
          null,
          1,
          1,
          1,
          1,
          1,
          null,
          1,
          null,
          1,
          6,
          null,
          null,
          1,
          null,
          56,
          null,
          null,
          null,
          null,
          56,
          56,
          null,
          null,
          1,
          1,
          null,
          null
        ]
      },
      "/home/ren/Documents/sailcore/app/uploaders/image_uploader.rb": {
        "lines": [
          1,
          1,
          null,
          1,
          null,
          1,
          100,
          null,
          null,
          1,
          268,
          null,
          null,
          1,
          268,
          null,
          null,
          1,
          1,
          null,
          null,
          1,
          2,
          null,
          null
        ]
      },
      "/home/ren/Documents/sailcore/app/controllers/application_controller.rb": {
        "lines": [
          1,
          1,
          1,
          17,
          null,
          1,
          null,
          1,
          null,
          1,
          14,
          null,
          null
        ]
      },
      "/home/ren/Documents/sailcore/app/controllers/api/v1/concerns/error_handler.rb": {
        "lines": [
          1,
          1,
          1,
          1,
          1,
          null,
          1,
          1,
          1,
          1,
          1,
          1,
          null,
          null,
          1,
          null,
          1,
          3,
          null,
          null,
          1,
          1,
          null,
          null,
          1,
          3,
          null,
          null,
          null,
          null,
          null
        ]
      },
      "/home/ren/Documents/sailcore/app/errors/authentication_errors.rb": {
        "lines": [
          1,
          1,
          1,
          1,
          null
        ]
      },
      "/home/ren/Documents/sailcore/app/lib/json_web_token.rb": {
        "lines": [
          1,
          null,
          1,
          1,
          1,
          null,
          1,
          9,
          9,
          null,
          null,
          1,
          12,
          null,
          11,
          9,
          null,
          2,
          null,
          null
        ]
      },
      "/home/ren/Documents/sailcore/app/services/token_verifier.rb": {
        "lines": [
          1,
          null,
          1,
          null,
          null,
          null,
          null,
          null,
          null,
          1,
          7,
          null,
          6,
          5,
          null,
          3,
          null,
          2,
          null,
          null,
          1,
          7,
          null,
          null,
          1,
          6,
          null,
          null,
          1,
          5,
          null,
          null,
          1,
          3,
          null,
          1,
          null,
          null,
          1,
          2,
          null,
          null,
          1,
          6,
          6,
          null,
          null
        ]
      },
      "/home/ren/Documents/sailcore/app/controllers/api/v1/auth/registrations_controller.rb": {
        "lines": [
          1,
          1,
          1,
          1,
          1,
          null,
          1,
          4,
          null,
          4,
          null,
          null,
          null,
          null,
          1,
          1,
          null,
          1,
          1,
          null,
          null,
          1,
          null,
          1,
          1,
          null,
          null,
          1,
          8,
          null,
          null,
          null,
          null,
          null
        ]
      },
      "/home/ren/Documents/sailcore/app/services/token_service.rb": {
        "lines": [
          1,
          1,
          3,
          null,
          null
        ]
      },
      "/home/ren/Documents/sailcore/app/controllers/api/v1/auth/sessions_controller.rb": {
        "lines": [
          1,
          1,
          1,
          1,
          1,
          null,
          1,
          5,
          5,
          null,
          2,
          2,
          null,
          2,
          null,
          null,
          null,
          null,
          null
        ]
      },
      "/home/ren/Documents/sailcore/app/controllers/users/sessions_controller.rb": {
        "lines": [
          1,
          1,
          1,
          2,
          null,
          null,
          1,
          1,
          null,
          null,
          null
        ]
      },
      "/home/ren/Documents/sailcore/app/channels/admin_channel.rb": {
        "lines": [
          0,
          0,
          0,
          0,
          0,
          0,
          0,
          0,
          null,
          0,
          null,
          0,
          0
        ],
        "branches": {}
      },
      "/home/ren/Documents/sailcore/app/channels/application_cable/connection.rb": {
        "lines": [
          0,
          0,
          0,
          null,
          0,
          0,
          0,
          0,
          0,
          null,
          0,
          null,
          0,
          0,
          0,
          0,
          0
        ],
        "branches": {}
      },
      "/home/ren/Documents/sailcore/app/channels/client_channel.rb": {
        "lines": [
          0,
          0,
          0,
          0,
          0,
          0,
          0,
          0,
          null,
          0,
          null,
          0,
          0
        ],
        "branches": {}
      }
    },
    "timestamp": 1738488173
  }
}
