{
  "RSpec": {
    "coverage": {
      "/home/ren/Documents/sailcore/app/models/user.rb": {
        "lines": [
          1,
          1,
          null,
          1,
          null,
          null,
          1,
          null,
          1,
          null,
          1,
          1,
          null,
          1,
          1,
          1,
          1,
          1,
          null,
          1,
          null,
          1,
          0,
          null,
          null,
          1,
          32,
          null,
          null,
          1,
          0,
          null,
          null,
          1,
          1,
          null,
          null
        ]
      },
      "/home/ren/Documents/sailcore/app/uploaders/image_uploader.rb": {
        "lines": [
          null,
          1,
          1,
          null,
          1,
          null,
          null,
          1,
          40,
          null,
          null,
          null,
          1,
          172,
          null,
          null,
          null,
          1,
          172,
          null,
          null,
          null,
          1,
          1,
          null,
          null,
          null,
          1,
          0,
          null,
          null
        ]
      },
      "/home/ren/Documents/sailcore/app/channels/application_cable/connection.rb": {
        "lines": [
          1,
          1,
          1,
          null,
          1,
          3,
          null,
          0,
          null,
          null,
          1,
          null,
          1,
          3,
          3,
          null,
          null,
          2,
          null,
          0,
          null,
          2,
          null,
          1,
          1,
          null,
          null,
          null
        ]
      },
      "/home/ren/Documents/sailcore/app/lib/json_web_token.rb": {
        "lines": [
          1,
          null,
          1,
          1,
          null,
          1,
          6,
          6,
          null,
          null,
          1,
          7,
          5,
          null,
          2,
          null,
          null
        ]
      },
      "/home/ren/Documents/sailcore/app/controllers/api/v1/auth/registrations_controller.rb": {
        "lines": [
          1,
          1,
          1,
          1,
          1,
          2,
          null,
          2,
          1,
          1,
          null,
          1,
          null,
          1,
          null,
          null,
          1,
          null,
          1,
          1,
          null,
          null,
          1,
          4,
          null,
          null,
          null,
          null,
          null
        ]
      },
      "/home/ren/Documents/sailcore/app/controllers/api/v1/auth/sessions_controller.rb": {
        "lines": [
          1,
          1,
          1,
          1,
          1,
          3,
          null,
          3,
          2,
          2,
          null,
          2,
          null,
          1,
          null,
          null,
          null,
          null,
          null,
          null
        ]
      },
      "/home/ren/Documents/sailcore/app/channels/admin_channel.rb": {
        "lines": [
          0,
          0,
          0,
          0,
          0,
          0,
          0,
          0,
          null,
          0,
          null,
          0,
          0
        ],
        "branches": {}
      },
      "/home/ren/Documents/sailcore/app/channels/client_channel.rb": {
        "lines": [
          0,
          0,
          0,
          0,
          0,
          0,
          0,
          0,
          null,
          0,
          null,
          0,
          0
        ],
        "branches": {}
      },
      "/home/ren/Documents/sailcore/app/jobs/application_job.rb": {
        "lines": [
          0,
          null,
          null,
          null,
          null,
          null,
          0
        ],
        "branches": {}
      }
    },
    "timestamp": 1738365102
  }
}
